<?xml version="1.0" encoding="UTF-8"?>
<!-- Generated by org.testng.reporters.JUnitReportReporter -->
<testsuite hostname="IBM-PF3DL4JS" failures="0" tests="1" name="testcases.AccountPage_TC002" time="11.933" errors="0" timestamp="2025-03-13T12:49:11 IST" skipped="0">
  <testcase classname="testcases.AccountPage_TC002" name="login" time="11.933"/>
  <system-out/>
</testsuite> <!-- testcases.AccountPage_TC002 -->
